     10.0000    0.216570E-01
     10.7152    0.250069E-01
     11.4815    0.288701E-01
     12.3027    0.333247E-01
     13.1825    0.384608E-01
     14.1253    0.443820E-01
     15.1355    0.512076E-01
     16.2180    0.590753E-01
     17.3779    0.681436E-01
     18.6207    0.785947E-01
     19.9524    0.906389E-01
     21.3794    0.104518E+00
     22.9084    0.120510E+00
     24.5468    0.138935E+00
     26.3023    0.160161E+00
     28.1834    0.184611E+00
     30.1990    0.212771E+00
     32.3588    0.245198E+00
     34.6731    0.282531E+00
     37.1528    0.325501E+00
     39.8099    0.374944E+00
     42.6571    0.431814E+00
     45.7078    0.497199E+00
     48.9768    0.572333E+00
     52.4795    0.658616E+00
     56.2327    0.757627E+00
     60.2544    0.871144E+00
     64.5637    0.100115E+01
     69.1812    0.114986E+01
     74.1289    0.131971E+01
     79.4304    0.151336E+01
     85.1112    0.173369E+01
     91.1982    0.198376E+01
     97.7205    0.226676E+01
    104.7093    0.258591E+01
    112.1979    0.294434E+01
    120.2221    0.334488E+01
    128.8202    0.378981E+01
    138.0332    0.428041E+01
    147.9051    0.481649E+01
    158.4830    0.425259E+01
    169.8174    0.318831E+01
    181.9624    0.355744E+01
    194.9761    0.393955E+01
    208.9204    0.432796E+01
    223.8620    0.471526E+01
    239.8723    0.509379E+01
    257.0275    0.545638E+01
    275.4096    0.537537E+01
    295.1065    0.532691E+01
    316.2120    0.557498E+01
    338.8269    0.580475E+01
    363.0592    0.602190E+01
    389.0245    0.623307E+01
    416.8469    0.589519E+01
    446.6590    0.235530E+01
    478.6033    0.242407E+01
    512.8322    0.250406E+01
    549.5090    0.259730E+01
    588.8089    0.270529E+01
    630.9195    0.282920E+01
    676.0417    0.293730E+01
    724.3910    0.192723E+01
    776.1982    0.205166E+01
    831.7105    0.219326E+01
    891.1930    0.235336E+01
    954.9296    0.253325E+01
   1023.2244    0.273415E+01
   1096.4036    0.295727E+01
   1174.8165    0.269826E+01
   1258.8373    0.862147E+00
   1348.8671    0.182371E-02
   1445.3357    0.300010E-02
   1548.7036    0.460007E-02
   1659.4641    0.673765E-02
   1778.1460    0.939740E-02
   1905.3159    0.124523E-01
   2041.5807    0.146188E-01
   2187.5910    0.103024E-01
   2344.0436    0.305564E-02
   2511.6855    0.516803E-03
   2691.3168    0.123234E-03
   2883.7950    0.763048E-04
   3090.0389    0.116250E-03
   3311.0331    0.203102E-03
   3547.8323    0.303763E-03
   3801.5670    0.349594E-03
   4073.4484    0.325981E-03
   4364.7742    0.340554E-03
   4676.9351    0.526647E-03
   5011.4213    0.111149E-02
   5369.8293    0.261746E-02
   5753.8700    0.657611E-02
   6165.3766    0.176165E-01
   6606.3134    0.500326E-01
   7078.7853    0.147647E+00
   7585.0475    0.430077E+00
   8127.5167    0.117912E+01
   8708.7824    0.279975E+01
   9331.6191    0.536951E+01
   9999.0000    0.809441E+01
