2016-03-16:
 nthread = 1
 rank time:  5.55 s,  738. ns/upd,  7.52E+06 updates
 nthread = 2
 rank time:  3.35 s,  890. ns/upd,  7.53E+06 updates
 nthread = 3
 rank time:  3.03 s,  1.20 mus/upd,  7.54E+06 updates
 nthread = 4
 rank time:  2.53 s,  1.34 mus/upd,  7.54E+06 updates
2016_04-03:
   n_core =   2
 n_thread =   1
 rank time:  5.14 s,  685. ns/upd,  7.50E+06 updates
   n_core =   2
 n_thread =   2
 rank time:  2.80 s,  746. ns/upd,  7.50E+06 updates
   n_core =   2
 n_thread =   3
 rank time:  2.33 s,  621. ns/upd,  7.50E+06 updates
   n_core =   2
 n_thread =   4
 rank time:  2.19 s,  584. ns/upd,  7.50E+06 updates
